Projet_dintgration/app/build/intermediates/manifest_merge_blame_file/debug/manifest-merger-blame-debug-report.txt
1<?xml version="1.0" encoding="utf-8"?>
2<manifest xmlns:android="http://schemas.android.com/apk/res/android"
3    package="com.example.lecture"
4    android:versionCode="1"
5    android:versionName="1.0" >
6
7    <uses-sdk
8        android:minSdkVersion="16"
8-->src\main\AndroidManifest.xml
9        android:targetSdkVersion="29" />
9-->src\main\AndroidManifest.xml
10
11    <uses-permission android:name="android.persmission.INTERNET" />
11-->src\main\AndroidManifest.xml:4:5-67
11-->src\main\AndroidManifest.xml:4:22-65
12    <uses-permission android:name="android.permission.WAKE_LOCK" />
12-->src\main\AndroidManifest.xml:5:5-68
12-->src\main\AndroidManifest.xml:5:22-65
13    <uses-permission android:name="android.permission.READ_EXTERNAL_STORAGE" />
13-->src\main\AndroidManifest.xml:6:5-80
13-->src\main\AndroidManifest.xml:6:22-77
14    <uses-permission android:name="android.permission.WRITE_EXTERNAL_STORAGE" />
14-->src\main\AndroidManifest.xml:7:5-81
14-->src\main\AndroidManifest.xml:7:22-78
15
16    <application
16-->src\main\AndroidManifest.xml:9:5-38:19
17        android:allowBackup="true"
17-->src\main\AndroidManifest.xml:10:9-35
18        android:appComponentFactory="androidx.core.app.CoreComponentFactory"
18-->[androidx.core:core:1.3.1] AndroidManifest.xml:24:18-86
19        android:debuggable="true"
20        android:icon="@mipmap/ic_launcher"
20-->src\main\AndroidManifest.xml:11:9-43
21        android:label="@string/app_name"
21-->src\main\AndroidManifest.xml:12:9-41
22        android:roundIcon="@mipmap/ic_launcher_round"
22-->src\main\AndroidManifest.xml:13:9-54
23        android:supportsRtl="true"
23-->src\main\AndroidManifest.xml:14:9-35
24        android:testOnly="true"
25        android:theme="@style/AppTheme" >
25-->src\main\AndroidManifest.xml:15:9-40
26        <activity
26-->src\main\AndroidManifest.xml:16:9-19:15
27            android:name="com.example.projet_dintgration.MediaActivity"
27-->src\main\AndroidManifest.xml:16:19-48
28            android:label="MediaActivity"
28-->src\main\AndroidManifest.xml:17:19-48
29            android:theme="@style/AppTheme.NoActionBar" />
29-->src\main\AndroidManifest.xml:18:19-62
30        <activity
30-->src\main\AndroidManifest.xml:21:9-24:15
31            android:name="com.example.projet_dintgration.MusicListActivity"
31-->src\main\AndroidManifest.xml:21:19-52
32            android:label="MusicListActivity"
32-->src\main\AndroidManifest.xml:22:13-46
33            android:theme="@style/AppTheme.NoActionBar" />
33-->src\main\AndroidManifest.xml:23:13-56
34        <activity android:name="com.example.projet_dintgration.MainActivity" >
34-->src\main\AndroidManifest.xml:25:9-32:20
34-->src\main\AndroidManifest.xml:25:19-47
35            <intent-filter>
35-->src\main\AndroidManifest.xml:26:13-31:29
36                <action android:name="android.intent.action.MAIN" />
36-->src\main\AndroidManifest.xml:27:17-69
36-->src\main\AndroidManifest.xml:27:25-66
37
38                <category android:name="android.intent.category.LAUNCHER" />
38-->src\main\AndroidManifest.xml:30:17-77
38-->src\main\AndroidManifest.xml:30:27-74
39            </intent-filter>
40        </activity>
41        <activity
41-->src\main\AndroidManifest.xml:34:5-36:54
42            android:name="com.example.projet_dintgration.PlaylistListActivity"
42-->src\main\AndroidManifest.xml:34:15-51
43            android:label="PlaylistListActivity"
43-->src\main\AndroidManifest.xml:35:9-45
44            android:theme="@style/AppTheme.NoActionBar" />
44-->src\main\AndroidManifest.xml:36:9-52
45    </application>
46
47</manifest>